[0m13:16:19.245211 [debug] [MainThread]: Sending event: {'category': 'dbt', 'action': 'invocation', 'label': 'start', 'context': [<snowplow_tracker.self_describing_json.SelfDescribingJson object at 0x00000187F29430E0>, <snowplow_tracker.self_describing_json.SelfDescribingJson object at 0x00000187EE58B250>, <snowplow_tracker.self_describing_json.SelfDescribingJson object at 0x00000187F4B4BD90>]}


============================== 13:16:19.258438 | f78b8f8d-61a7-4dfc-9a44-bb1e4a44f8cc ==============================
[0m13:16:19.258438 [info ] [MainThread]: Running with dbt=1.11.6
[0m13:16:19.259746 [debug] [MainThread]: running dbt with arguments {'version_check': 'True', 'no_print': 'None', 'static_parser': 'True', 'warn_error_options': 'WarnErrorOptionsV2(error=[], warn=[], silence=[])', 'target_path': 'None', 'printer_width': '80', 'write_json': 'True', 'introspect': 'True', 'log_cache_events': 'False', 'empty': 'None', 'cache_selected_only': 'False', 'fail_fast': 'False', 'debug': 'False', 'log_format': 'default', 'profiles_dir': 'C:\\Users\\risky\\.dbt', 'send_anonymous_usage_stats': 'True', 'quiet': 'False', 'warn_error': 'None', 'partial_parse': 'True', 'indirect_selection': 'eager', 'invocation_command': 'dbt init', 'use_colors': 'True', 'use_experimental_parser': 'False', 'log_path': 'logs'}
[0m13:16:36.171644 [debug] [MainThread]: Starter project path: C:\Users\risky\AppData\Local\Programs\Python\Python313\Lib\site-packages\dbt\include\starter_project
[0m13:16:36.228832 [info ] [MainThread]: 
Your new dbt project "projects" was created!

For more information on how to configure the profiles.yml file,
please consult the dbt documentation here:

  https://docs.getdbt.com/docs/configure-your-profile

One more thing:

Need help? Don't hesitate to reach out to us via GitHub issues or on Slack:

  https://community.getdbt.com/

Happy modeling!

[0m13:16:36.230105 [info ] [MainThread]: Setting up your profile.
[0m13:19:06.663333 [info ] [MainThread]: Profile projects written to C:\Users\risky\.dbt\profiles.yml using target's profile_template.yml and your supplied values. Run 'dbt debug' to validate the connection.
[0m13:19:06.674889 [debug] [MainThread]: Command `dbt init` succeeded at 13:19:06.672141 after 168.21 seconds
[0m13:19:06.677609 [debug] [MainThread]: Sending event: {'category': 'dbt', 'action': 'invocation', 'label': 'end', 'context': [<snowplow_tracker.self_describing_json.SelfDescribingJson object at 0x000001879B739810>, <snowplow_tracker.self_describing_json.SelfDescribingJson object at 0x00000187F4C1B890>, <snowplow_tracker.self_describing_json.SelfDescribingJson object at 0x000001879B616360>]}
[0m13:19:06.679152 [debug] [MainThread]: Flushing usage events
[0m13:19:08.325453 [debug] [MainThread]: An error was encountered while trying to flush usage events
[0m16:33:19.250481 [debug] [MainThread]: Sending event: {'category': 'dbt', 'action': 'invocation', 'label': 'start', 'context': [<snowplow_tracker.self_describing_json.SelfDescribingJson object at 0x000002B3315070E0>, <snowplow_tracker.self_describing_json.SelfDescribingJson object at 0x000002B32D14B250>, <snowplow_tracker.self_describing_json.SelfDescribingJson object at 0x000002B333707D90>]}


============================== 16:33:19.258582 | e10a9942-368d-4581-a2bb-150a06d0decf ==============================
[0m16:33:19.258582 [info ] [MainThread]: Running with dbt=1.11.6
[0m16:33:19.259754 [debug] [MainThread]: running dbt with arguments {'version_check': 'True', 'no_print': 'None', 'static_parser': 'True', 'warn_error_options': 'WarnErrorOptionsV2(error=[], warn=[], silence=[])', 'target_path': 'None', 'printer_width': '80', 'write_json': 'True', 'introspect': 'True', 'log_cache_events': 'False', 'empty': 'False', 'cache_selected_only': 'False', 'log_format': 'default', 'debug': 'False', 'fail_fast': 'False', 'partial_parse': 'True', 'send_anonymous_usage_stats': 'True', 'quiet': 'False', 'warn_error': 'None', 'profiles_dir': 'C:\\Users\\risky\\.dbt', 'indirect_selection': 'eager', 'use_colors': 'True', 'invocation_command': 'dbt build', 'use_experimental_parser': 'False', 'log_path': 'logs'}
[0m16:33:19.260214 [error] [MainThread]: Encountered an error:
Runtime Error
  No dbt_project.yml found at expected path C:\Users\risky\noovoleum-project\transform\dbt_project.yml
  Verify that each entry within packages.yml (and their transitive dependencies) contains a file named dbt_project.yml
  
[0m16:33:19.261234 [debug] [MainThread]: Command `dbt build` failed at 16:33:19.261110 after 0.52 seconds
[0m16:33:19.261540 [debug] [MainThread]: Sending event: {'category': 'dbt', 'action': 'invocation', 'label': 'end', 'context': [<snowplow_tracker.self_describing_json.SelfDescribingJson object at 0x000002B33375CFC0>, <snowplow_tracker.self_describing_json.SelfDescribingJson object at 0x000002B332613410>, <snowplow_tracker.self_describing_json.SelfDescribingJson object at 0x000002B3337748D0>]}
[0m16:33:19.261820 [debug] [MainThread]: Flushing usage events
[0m16:33:20.789165 [debug] [MainThread]: An error was encountered while trying to flush usage events
[0m16:11:24.572733 [debug] [MainThread]: Sending event: {'category': 'dbt', 'action': 'invocation', 'label': 'start', 'context': [<snowplow_tracker.self_describing_json.SelfDescribingJson object at 0x000001C104A3B0E0>, <snowplow_tracker.self_describing_json.SelfDescribingJson object at 0x000001C17F27B250>, <snowplow_tracker.self_describing_json.SelfDescribingJson object at 0x000001C106C43D90>]}


============================== 16:11:24.581781 | b7c2059d-aaeb-4a2d-92fa-42b70bbce33c ==============================
[0m16:11:24.581781 [info ] [MainThread]: Running with dbt=1.11.6
[0m16:11:24.583225 [debug] [MainThread]: running dbt with arguments {'version_check': 'True', 'no_print': 'None', 'static_parser': 'True', 'warn_error_options': 'WarnErrorOptionsV2(error=[], warn=[], silence=[])', 'target_path': 'None', 'printer_width': '80', 'write_json': 'True', 'empty': 'False', 'log_cache_events': 'False', 'introspect': 'True', 'cache_selected_only': 'False', 'fail_fast': 'False', 'debug': 'False', 'log_format': 'default', 'profiles_dir': 'C:\\Users\\risky\\noovoleum-project\\transform', 'send_anonymous_usage_stats': 'True', 'quiet': 'False', 'warn_error': 'None', 'partial_parse': 'True', 'use_colors': 'True', 'invocation_command': 'dbt compile --select gold_layer', 'indirect_selection': 'eager', 'use_experimental_parser': 'False', 'log_path': 'logs'}
[0m16:11:24.584212 [error] [MainThread]: Encountered an error:
Runtime Error
  No dbt_project.yml found at expected path C:\Users\risky\noovoleum-project\transform\dbt_project.yml
  Verify that each entry within packages.yml (and their transitive dependencies) contains a file named dbt_project.yml
  
[0m16:11:24.586204 [debug] [MainThread]: Command `dbt compile` failed at 16:11:24.585902 after 0.47 seconds
[0m16:11:24.586848 [debug] [MainThread]: Sending event: {'category': 'dbt', 'action': 'invocation', 'label': 'end', 'context': [<snowplow_tracker.self_describing_json.SelfDescribingJson object at 0x000001C106C9CFC0>, <snowplow_tracker.self_describing_json.SelfDescribingJson object at 0x000001C105B53410>, <snowplow_tracker.self_describing_json.SelfDescribingJson object at 0x000001C106CB08D0>]}
[0m16:11:24.587508 [debug] [MainThread]: Flushing usage events
[0m16:11:27.381180 [debug] [MainThread]: An error was encountered while trying to flush usage events
